2016-01-22 16:02:34 [main] INFO  pc.SKPC$ - ******start compute principal curves...******
2016-01-22 16:02:34 [main] INFO  pc.SKPC$ - compute distance of pairs of data...
2016-01-22 16:02:35 [main] INFO  pc.SKPC$ - init the first line...
2016-01-22 16:02:35 [main] INFO  pc.SKPC$ - init project distance matrix...
2016-01-22 16:02:35 [main] INFO  pc.SKPC$ - init completed,start compute...
2016-01-22 16:02:35 [main] INFO  pc.SKPC$ - now it is the 1 line...
2016-01-22 16:02:35 [main] INFO  pc.SKPC$ - found an area of points to insert line...
2016-01-22 16:02:35 [main] INFO  pc.SKPC$ - new line is added to lines matrix...
2016-01-22 16:02:35 [main] INFO  pc.SKPC$ - now it is the 2 line...
2016-01-22 16:02:35 [main] INFO  pc.SKPC$ - adjust all the lines...
2016-01-22 16:02:35 [main] INFO  pc.SKPC$ - adjust completed,an new line may be added again...
2016-01-22 16:02:35 [main] INFO  pc.SKPC$ - found an area of points to insert line...
2016-01-22 16:02:35 [main] INFO  pc.SKPC$ - new line is added to lines matrix...
2016-01-22 16:02:35 [main] INFO  pc.SKPC$ - now it is the 3 line...
2016-01-22 16:02:35 [main] INFO  pc.SKPC$ - adjust all the lines...
2016-01-22 16:02:35 [main] INFO  pc.SKPC$ - adjust completed,an new line may be added again...
2016-01-22 16:02:35 [main] INFO  pc.SKPC$ - found an area of points to insert line...
2016-01-22 16:02:35 [main] INFO  pc.SKPC$ - new line is added to lines matrix...
2016-01-22 16:02:35 [main] INFO  pc.SKPC$ - now it is the 4 line...
2016-01-22 16:02:35 [main] INFO  pc.SKPC$ - adjust all the lines...
2016-01-22 16:02:35 [main] INFO  pc.SKPC$ - adjust completed,an new line may be added again...
2016-01-22 16:02:36 [main] INFO  pc.SKPC$ - found an area of points to insert line...
2016-01-22 16:02:36 [main] INFO  pc.SKPC$ - new line is added to lines matrix...
2016-01-22 16:02:36 [main] INFO  pc.SKPC$ - now it is the 5 line...
2016-01-22 16:02:36 [main] INFO  pc.SKPC$ - adjust all the lines...
2016-01-22 16:02:36 [main] INFO  pc.SKPC$ - adjust completed,an new line may be added again...
2016-01-22 16:02:36 [main] INFO  pc.SKPC$ - found an area of points to insert line...
2016-01-22 16:02:36 [main] INFO  pc.SKPC$ - new line is added to lines matrix...
2016-01-22 16:02:36 [main] INFO  pc.SKPC$ - now it is the 6 line...
2016-01-22 16:02:36 [main] INFO  pc.SKPC$ - adjust all the lines...
2016-01-22 16:02:36 [main] INFO  pc.SKPC$ - adjust completed,an new line may be added again...
2016-01-22 16:02:36 [main] INFO  pc.SKPC$ - found an area of points to insert line...
2016-01-22 16:02:36 [main] INFO  pc.SKPC$ - new line is added to lines matrix...
2016-01-22 16:02:36 [main] INFO  pc.SKPC$ - now it is the 7 line...
2016-01-22 16:02:36 [main] INFO  pc.SKPC$ - adjust all the lines...
2016-01-22 16:02:36 [main] INFO  pc.SKPC$ - adjust completed,an new line may be added again...
2016-01-22 16:02:36 [main] INFO  pc.SKPC$ - found an area of points to insert line...
2016-01-22 16:02:36 [main] INFO  pc.SKPC$ - new line is added to lines matrix...
2016-01-22 16:02:36 [main] INFO  pc.SKPC$ - now it is the 8 line...
2016-01-22 16:02:36 [main] INFO  pc.SKPC$ - adjust all the lines...
2016-01-22 16:02:36 [main] INFO  pc.SKPC$ - adjust completed,an new line may be added again...
2016-01-22 16:02:36 [main] INFO  pc.SKPC$ - found an area of points to insert line...
2016-01-22 16:02:36 [main] INFO  pc.SKPC$ - new line is added to lines matrix...
2016-01-22 16:02:36 [main] INFO  pc.SKPC$ - now it is the 9 line...
2016-01-22 16:02:36 [main] INFO  pc.SKPC$ - adjust all the lines...
2016-01-22 16:02:36 [main] INFO  pc.SKPC$ - adjust completed,an new line may be added again...
2016-01-22 16:02:36 [main] INFO  pc.SKPC$ - found an area of points to insert line...
2016-01-22 16:02:36 [main] INFO  pc.SKPC$ - new line is added to lines matrix...
2016-01-22 16:02:36 [main] INFO  pc.SKPC$ - now it is the 10 line...
2016-01-22 16:02:36 [main] INFO  pc.SKPC$ - insert line not improve target function!!!
2016-01-22 16:02:36 [main] INFO  pc.SKPC$ - adjust all the lines...
2016-01-22 16:02:36 [main] INFO  pc.SKPC$ - adjust completed,an new line may be added again...
2016-01-22 16:02:36 [main] INFO  pc.SKPC$ - found an area of points to insert line...
2016-01-22 16:02:36 [main] INFO  pc.SKPC$ - new line is added to lines matrix...
2016-01-22 16:02:36 [main] INFO  pc.SKPC$ - now it is the 11 line...
2016-01-22 16:02:36 [main] INFO  pc.SKPC$ - adjust all the lines...
2016-01-22 16:02:36 [main] INFO  pc.SKPC$ - adjust completed,an new line may be added again...
2016-01-22 16:02:36 [main] INFO  pc.SKPC$ - found an area of points to insert line...
2016-01-22 16:02:36 [main] INFO  pc.SKPC$ - new line is added to lines matrix...
2016-01-22 16:02:36 [main] INFO  pc.SKPC$ - now it is the 12 line...
2016-01-22 16:02:36 [main] INFO  pc.SKPC$ - insert line not improve target function!!!
2016-01-22 16:02:36 [main] INFO  pc.SKPC$ - adjust all the lines...
2016-01-22 16:02:37 [main] INFO  pc.SKPC$ - adjust completed,an new line may be added again...
2016-01-22 16:02:37 [main] INFO  pc.SKPC$ - found an area of points to insert line...
2016-01-22 16:02:37 [main] INFO  pc.SKPC$ - new line is added to lines matrix...
2016-01-22 16:02:37 [main] INFO  pc.SKPC$ - now it is the 13 line...
2016-01-22 16:02:37 [main] INFO  pc.SKPC$ - adjust all the lines...
2016-01-22 16:02:37 [main] INFO  pc.SKPC$ - adjust completed,an new line may be added again...
2016-01-22 16:02:37 [main] WARN  pc.SKPC$ - add the new line lead to overfit,stop afore!!
2016-01-22 16:02:37 [main] INFO  pc.SKPC$ - the best num of lines is:12
2016-01-22 16:02:37 [main] INFO  pc.SKPC$ - ******complete successfully!!!******
